<?xml version="1.0" encoding="UTF-8"?>
<!-- Generated by org.testng.reporters.JUnitXMLReporter -->
<testsuite hostname="DESKTOP-LMAQN76" ignored="0" name="Test" tests="3" failures="0" timestamp="22 Apr 2018 12:09:05 GMT" time="87.665" errors="0">
  <testcase name="searchHotelTest" time="14.997" classname="pageTest.WelcomePageTest"/>
  <testcase name="validateUserLogoTest" time="5.645" classname="pageTest.WelcomePageTest"/>
  <testcase name="validateLoginPageTest" time="0.146" classname="pageTest.LoginPageTest"/>
</testsuite> <!-- Test -->
